#
# There is insufficient memory for the Java Runtime Environment to continue.
# Native memory allocation (malloc) failed to allocate 67696 bytes for Chunk::new
# Possible reasons:
#   The system is out of physical RAM or swap space
#   The process is running with CompressedOops enabled, and the Java Heap may be blocking the growth of the native heap
# Possible solutions:
#   Reduce memory load on the system
#   Increase physical memory or swap space
#   Check if swap backing store is full
#   Decrease Java heap size (-Xmx/-Xms)
#   Decrease number of Java threads
#   Decrease Java thread stack sizes (-Xss)
#   Set larger code cache with -XX:ReservedCodeCacheSize=
#   JVM is running with Zero Based Compressed Oops mode in which the Java heap is
#     placed in the first 32GB address space. The Java Heap base address is the
#     maximum limit for the native heap growth. Please use -XX:HeapBaseMinAddress
#     to set the Java Heap base and to place the Java Heap above 32GB virtual address.
# This output file may be truncated or incomplete.
#
#  Out of Memory Error (./open/src/hotspot/share/memory/arena.cpp:195), pid=3568, tid=7096
#
# JRE version: Java(TM) SE Runtime Environment (15.0.2+7) (build 15.0.2+7-27)
# Java VM: Java HotSpot(TM) 64-Bit Server VM (15.0.2+7-27, mixed mode, sharing, tiered, compressed oops, g1 gc, windows-amd64)
# No core dump will be written. Minidumps are not enabled by default on client versions of Windows
#

---------------  S U M M A R Y ------------

Command Line: -javaagent:D:\IntelliJ IDEA Community Edition 2020.3.2\lib\idea_rt.jar=64612:D:\IntelliJ IDEA Community Edition 2020.3.2\bin -Dfile.encoding=UTF-8 com.example.Consensus.ConsensusApplication

Host: Intel(R) Core(TM) i7-6820HK CPU @ 2.70GHz, 8 cores, 15G,  Windows 10 , 64 bit Build 18362 (10.0.18362.1350)
Time: Sun Feb 28 10:19:30 2021 Eastern Standard Time elapsed time: 1.432855 seconds (0d 0h 0m 1s)

---------------  T H R E A D  ---------------

Current thread (0x0000028a162b2150):  JavaThread "C2 CompilerThread1" daemon [_thread_in_native, id=7096, stack(0x000000bf4e400000,0x000000bf4e500000)]


Current CompileTask:
C2:   1432 1463       4       org.springframework.boot.context.properties.source.ConfigurationPropertyName$ElementsParser::parse (234 bytes)

Stack: [0x000000bf4e400000,0x000000bf4e500000]
Native frames: (J=compiled Java code, j=interpreted, Vv=VM code, C=native code)
V  [jvm.dll+0x62ae9a]
V  [jvm.dll+0x7817a9]
V  [jvm.dll+0x782f03]
V  [jvm.dll+0x783563]
V  [jvm.dll+0x216325]
V  [jvm.dll+0x97f3a]
V  [jvm.dll+0x9861c]
V  [jvm.dll+0xff6d1]
V  [jvm.dll+0xfeca4]
V  [jvm.dll+0x630376]
V  [jvm.dll+0x1eab55]
V  [jvm.dll+0x1e996e]
V  [jvm.dll+0x178567]
V  [jvm.dll+0x1f9225]
V  [jvm.dll+0x1f72cc]
V  [jvm.dll+0x74495d]
V  [jvm.dll+0x73d75a]
V  [jvm.dll+0x629c56]
C  [ucrtbase.dll+0x210b2]
C  [KERNEL32.DLL+0x17c24]
C  [ntdll.dll+0x6d721]


---------------  P R O C E S S  ---------------

Threads class SMR info:
_java_thread_list=0x0000028a17084230, length=16, elements={
0x0000028a700307a0, 0x0000028a1604dcf0, 0x0000028a1604e7d0, 0x0000028a16067c30,
0x0000028a1606b510, 0x0000028a1606bed0, 0x0000028a1606cbc0, 0x0000028a16070ac0,
0x0000028a16091c80, 0x0000028a16181050, 0x0000028a162b2150, 0x0000028a164351f0,
0x0000028a164356c0, 0x0000028a16c473d0, 0x0000028a16c47ca0, 0x0000028a172de010
}

Java Threads: ( => current thread )
  0x0000028a700307a0 JavaThread "main" [_thread_blocked, id=13204, stack(0x000000bf4d400000,0x000000bf4d500000)]
  0x0000028a1604dcf0 JavaThread "Reference Handler" daemon [_thread_blocked, id=20460, stack(0x000000bf4db00000,0x000000bf4dc00000)]
  0x0000028a1604e7d0 JavaThread "Finalizer" daemon [_thread_blocked, id=11724, stack(0x000000bf4dc00000,0x000000bf4dd00000)]
  0x0000028a16067c30 JavaThread "Signal Dispatcher" daemon [_thread_blocked, id=20120, stack(0x000000bf4dd00000,0x000000bf4de00000)]
  0x0000028a1606b510 JavaThread "Attach Listener" daemon [_thread_blocked, id=5476, stack(0x000000bf4de00000,0x000000bf4df00000)]
  0x0000028a1606bed0 JavaThread "Service Thread" daemon [_thread_blocked, id=20792, stack(0x000000bf4df00000,0x000000bf4e000000)]
  0x0000028a1606cbc0 JavaThread "C2 CompilerThread0" daemon [_thread_blocked, id=8404, stack(0x000000bf4e000000,0x000000bf4e100000)]
  0x0000028a16070ac0 JavaThread "C1 CompilerThread0" daemon [_thread_blocked, id=21320, stack(0x000000bf4e100000,0x000000bf4e200000)]
  0x0000028a16091c80 JavaThread "Sweeper thread" daemon [_thread_blocked, id=21456, stack(0x000000bf4e200000,0x000000bf4e300000)]
  0x0000028a16181050 JavaThread "Common-Cleaner" daemon [_thread_blocked, id=3928, stack(0x000000bf4e300000,0x000000bf4e400000)]
=>0x0000028a162b2150 JavaThread "C2 CompilerThread1" daemon [_thread_in_native, id=7096, stack(0x000000bf4e400000,0x000000bf4e500000)]
  0x0000028a164351f0 JavaThread "Monitor Ctrl-Break" daemon [_thread_in_native, id=20848, stack(0x000000bf4e500000,0x000000bf4e600000)]
  0x0000028a164356c0 JavaThread "Notification Thread" daemon [_thread_blocked, id=6364, stack(0x000000bf4e600000,0x000000bf4e700000)]
  0x0000028a16c473d0 JavaThread "Thread-0" [_thread_blocked, id=4700, stack(0x000000bf4e800000,0x000000bf4e900000)]
  0x0000028a16c47ca0 JavaThread "restartedMain" [_thread_in_Java, id=7552, stack(0x000000bf4e900000,0x000000bf4ea00000)]
  0x0000028a172de010 JavaThread "background-preinit" [_thread_in_native, id=19088, stack(0x000000bf4ef00000,0x000000bf4f000000)]

Other Threads:
  0x0000028a1604a550 VMThread "VM Thread" [stack: 0x000000bf4da00000,0x000000bf4db00000] [id=6036]
  0x0000028a1643ebd0 WatcherThread [stack: 0x000000bf4e700000,0x000000bf4e800000] [id=11156]
  0x0000028a70082380 GCTaskThread "GC Thread#0" [stack: 0x000000bf4d500000,0x000000bf4d600000] [id=9732]
  0x0000028a16434220 GCTaskThread "GC Thread#1" [stack: 0x000000bf4ea00000,0x000000bf4eb00000] [id=22272]
  0x0000028a16434550 GCTaskThread "GC Thread#2" [stack: 0x000000bf4eb00000,0x000000bf4ec00000] [id=16676]
  0x0000028a16433560 GCTaskThread "GC Thread#3" [stack: 0x000000bf4ec00000,0x000000bf4ed00000] [id=19052]
  0x0000028a16434880 GCTaskThread "GC Thread#4" [stack: 0x000000bf4ed00000,0x000000bf4ee00000] [id=21412]
  0x0000028a16434bb0 GCTaskThread "GC Thread#5" [stack: 0x000000bf4ee00000,0x000000bf4ef00000] [id=12856]
  0x0000028a700935a0 ConcurrentGCThread "G1 Main Marker" [stack: 0x000000bf4d600000,0x000000bf4d700000] [id=6032]
  0x0000028a700949b0 ConcurrentGCThread "G1 Conc#0" [stack: 0x000000bf4d700000,0x000000bf4d800000] [id=8408]
  0x0000028a156c20d0 ConcurrentGCThread "G1 Refine#0" [stack: 0x000000bf4d800000,0x000000bf4d900000] [id=19412]
  0x0000028a156c3bf0 ConcurrentGCThread "G1 Young RemSet Sampling" [stack: 0x000000bf4d900000,0x000000bf4da00000] [id=22192]

Threads with active compile tasks:
C2 CompilerThread1     1484 1463       4       org.springframework.boot.context.properties.source.ConfigurationPropertyName$ElementsParser::parse (234 bytes)

VM state: not at safepoint (normal execution)

VM Mutex/Monitor currently owned by a thread: None

Heap address: 0x0000000700a00000, size: 4086 MB, Compressed Oops mode: Zero based, Oop shift amount: 3
CDS archive(s) mapped at: [0x0000000800000000-0x0000000800b50000-0x0000000800b50000), size 11862016, SharedBaseAddress: 0x0000000800000000, ArchiveRelocationMode: 0.
Compressed class space mapped at: 0x0000000800b50000-0x0000000840b50000, size: 1073741824
Narrow klass base: 0x0000000800000000, Narrow klass shift: 3, Narrow klass range: 0x100000000

GC Precious Log:
 CPUs: 8 total, 8 available
 Memory: 16341M
 Large Page Support: Disabled
 NUMA Support: Disabled
 Compressed Oops: Enabled (Zero based)
 Heap Region Size: 2M
 Heap Min Capacity: 8M
 Heap Initial Capacity: 256M
 Heap Max Capacity: 4086M
 Pre-touch: Disabled
 Parallel Workers: 8
 Concurrent Workers: 2
 Concurrent Refinement Workers: 8
 Periodic GC: Disabled

Heap:
 garbage-first heap   total 262144K, used 18946K [0x0000000700a00000, 0x0000000800000000)
  region size 2048K, 11 young (22528K), 2 survivors (4096K)
 Metaspace       used 10325K, capacity 10518K, committed 10624K, reserved 1062912K
  class space    used 1238K, capacity 1326K, committed 1408K, reserved 1048576K

Heap Regions: E=young(eden), S=young(survivor), O=old, HS=humongous(starts), HC=humongous(continues), CS=collection set, F=free, OA=open archive, CA=closed archive, TAMS=top-at-mark-start (previous, next)
|   0|0x0000000700a00000, 0x0000000700a80a00, 0x0000000700c00000| 25%| O|  |TAMS 0x0000000700a00000, 0x0000000700a00000| Untracked 
|   1|0x0000000700c00000, 0x0000000700c00000, 0x0000000700e00000|  0%| F|  |TAMS 0x0000000700c00000, 0x0000000700c00000| Untracked 
|   2|0x0000000700e00000, 0x0000000700e00000, 0x0000000701000000|  0%| F|  |TAMS 0x0000000700e00000, 0x0000000700e00000| Untracked 
|   3|0x0000000701000000, 0x0000000701000000, 0x0000000701200000|  0%| F|  |TAMS 0x0000000701000000, 0x0000000701000000| Untracked 
|   4|0x0000000701200000, 0x0000000701200000, 0x0000000701400000|  0%| F|  |TAMS 0x0000000701200000, 0x0000000701200000| Untracked 
|   5|0x0000000701400000, 0x0000000701400000, 0x0000000701600000|  0%| F|  |TAMS 0x0000000701400000, 0x0000000701400000| Untracked 
|   6|0x0000000701600000, 0x0000000701600000, 0x0000000701800000|  0%| F|  |TAMS 0x0000000701600000, 0x0000000701600000| Untracked 
|   7|0x0000000701800000, 0x0000000701800000, 0x0000000701a00000|  0%| F|  |TAMS 0x0000000701800000, 0x0000000701800000| Untracked 
|   8|0x0000000701a00000, 0x0000000701a00000, 0x0000000701c00000|  0%| F|  |TAMS 0x0000000701a00000, 0x0000000701a00000| Untracked 
|   9|0x0000000701c00000, 0x0000000701c00000, 0x0000000701e00000|  0%| F|  |TAMS 0x0000000701c00000, 0x0000000701c00000| Untracked 
|  10|0x0000000701e00000, 0x0000000701e00000, 0x0000000702000000|  0%| F|  |TAMS 0x0000000701e00000, 0x0000000701e00000| Untracked 
|  11|0x0000000702000000, 0x0000000702000000, 0x0000000702200000|  0%| F|  |TAMS 0x0000000702000000, 0x0000000702000000| Untracked 
|  12|0x0000000702200000, 0x0000000702200000, 0x0000000702400000|  0%| F|  |TAMS 0x0000000702200000, 0x0000000702200000| Untracked 
|  13|0x0000000702400000, 0x0000000702400000, 0x0000000702600000|  0%| F|  |TAMS 0x0000000702400000, 0x0000000702400000| Untracked 
|  14|0x0000000702600000, 0x0000000702600000, 0x0000000702800000|  0%| F|  |TAMS 0x0000000702600000, 0x0000000702600000| Untracked 
|  15|0x0000000702800000, 0x0000000702800000, 0x0000000702a00000|  0%| F|  |TAMS 0x0000000702800000, 0x0000000702800000| Untracked 
|  16|0x0000000702a00000, 0x0000000702a00000, 0x0000000702c00000|  0%| F|  |TAMS 0x0000000702a00000, 0x0000000702a00000| Untracked 
|  17|0x0000000702c00000, 0x0000000702c00000, 0x0000000702e00000|  0%| F|  |TAMS 0x0000000702c00000, 0x0000000702c00000| Untracked 
|  18|0x0000000702e00000, 0x0000000702e00000, 0x0000000703000000|  0%| F|  |TAMS 0x0000000702e00000, 0x0000000702e00000| Untracked 
|  19|0x0000000703000000, 0x0000000703000000, 0x0000000703200000|  0%| F|  |TAMS 0x0000000703000000, 0x0000000703000000| Untracked 
|  20|0x0000000703200000, 0x0000000703200000, 0x0000000703400000|  0%| F|  |TAMS 0x0000000703200000, 0x0000000703200000| Untracked 
|  21|0x0000000703400000, 0x0000000703400000, 0x0000000703600000|  0%| F|  |TAMS 0x0000000703400000, 0x0000000703400000| Untracked 
|  22|0x0000000703600000, 0x0000000703600000, 0x0000000703800000|  0%| F|  |TAMS 0x0000000703600000, 0x0000000703600000| Untracked 
|  23|0x0000000703800000, 0x0000000703800000, 0x0000000703a00000|  0%| F|  |TAMS 0x0000000703800000, 0x0000000703800000| Untracked 
|  24|0x0000000703a00000, 0x0000000703a00000, 0x0000000703c00000|  0%| F|  |TAMS 0x0000000703a00000, 0x0000000703a00000| Untracked 
|  25|0x0000000703c00000, 0x0000000703c00000, 0x0000000703e00000|  0%| F|  |TAMS 0x0000000703c00000, 0x0000000703c00000| Untracked 
|  26|0x0000000703e00000, 0x0000000703e00000, 0x0000000704000000|  0%| F|  |TAMS 0x0000000703e00000, 0x0000000703e00000| Untracked 
|  27|0x0000000704000000, 0x0000000704000000, 0x0000000704200000|  0%| F|  |TAMS 0x0000000704000000, 0x0000000704000000| Untracked 
|  28|0x0000000704200000, 0x0000000704200000, 0x0000000704400000|  0%| F|  |TAMS 0x0000000704200000, 0x0000000704200000| Untracked 
|  29|0x0000000704400000, 0x0000000704400000, 0x0000000704600000|  0%| F|  |TAMS 0x0000000704400000, 0x0000000704400000| Untracked 
|  30|0x0000000704600000, 0x0000000704600000, 0x0000000704800000|  0%| F|  |TAMS 0x0000000704600000, 0x0000000704600000| Untracked 
|  31|0x0000000704800000, 0x0000000704800000, 0x0000000704a00000|  0%| F|  |TAMS 0x0000000704800000, 0x0000000704800000| Untracked 
|  32|0x0000000704a00000, 0x0000000704a00000, 0x0000000704c00000|  0%| F|  |TAMS 0x0000000704a00000, 0x0000000704a00000| Untracked 
|  33|0x0000000704c00000, 0x0000000704c00000, 0x0000000704e00000|  0%| F|  |TAMS 0x0000000704c00000, 0x0000000704c00000| Untracked 
|  34|0x0000000704e00000, 0x0000000704e00000, 0x0000000705000000|  0%| F|  |TAMS 0x0000000704e00000, 0x0000000704e00000| Untracked 
|  35|0x0000000705000000, 0x0000000705000000, 0x0000000705200000|  0%| F|  |TAMS 0x0000000705000000, 0x0000000705000000| Untracked 
|  36|0x0000000705200000, 0x0000000705200000, 0x0000000705400000|  0%| F|  |TAMS 0x0000000705200000, 0x0000000705200000| Untracked 
|  37|0x0000000705400000, 0x0000000705400000, 0x0000000705600000|  0%| F|  |TAMS 0x0000000705400000, 0x0000000705400000| Untracked 
|  38|0x0000000705600000, 0x0000000705600000, 0x0000000705800000|  0%| F|  |TAMS 0x0000000705600000, 0x0000000705600000| Untracked 
|  39|0x0000000705800000, 0x0000000705800000, 0x0000000705a00000|  0%| F|  |TAMS 0x0000000705800000, 0x0000000705800000| Untracked 
|  40|0x0000000705a00000, 0x0000000705a00000, 0x0000000705c00000|  0%| F|  |TAMS 0x0000000705a00000, 0x0000000705a00000| Untracked 
|  41|0x0000000705c00000, 0x0000000705c00000, 0x0000000705e00000|  0%| F|  |TAMS 0x0000000705c00000, 0x0000000705c00000| Untracked 
|  42|0x0000000705e00000, 0x0000000705e00000, 0x0000000706000000|  0%| F|  |TAMS 0x0000000705e00000, 0x0000000705e00000| Untracked 
|  43|0x0000000706000000, 0x0000000706000000, 0x0000000706200000|  0%| F|  |TAMS 0x0000000706000000, 0x0000000706000000| Untracked 
|  44|0x0000000706200000, 0x0000000706200000, 0x0000000706400000|  0%| F|  |TAMS 0x0000000706200000, 0x0000000706200000| Untracked 
|  45|0x0000000706400000, 0x0000000706400000, 0x0000000706600000|  0%| F|  |TAMS 0x0000000706400000, 0x0000000706400000| Untracked 
|  46|0x0000000706600000, 0x0000000706600000, 0x0000000706800000|  0%| F|  |TAMS 0x0000000706600000, 0x0000000706600000| Untracked 
|  47|0x0000000706800000, 0x0000000706800000, 0x0000000706a00000|  0%| F|  |TAMS 0x0000000706800000, 0x0000000706800000| Untracked 
|  48|0x0000000706a00000, 0x0000000706a00000, 0x0000000706c00000|  0%| F|  |TAMS 0x0000000706a00000, 0x0000000706a00000| Untracked 
|  49|0x0000000706c00000, 0x0000000706c00000, 0x0000000706e00000|  0%| F|  |TAMS 0x0000000706c00000, 0x0000000706c00000| Untracked 
|  50|0x0000000706e00000, 0x0000000706e00000, 0x0000000707000000|  0%| F|  |TAMS 0x0000000706e00000, 0x0000000706e00000| Untracked 
|  51|0x0000000707000000, 0x0000000707000000, 0x0000000707200000|  0%| F|  |TAMS 0x0000000707000000, 0x0000000707000000| Untracked 
|  52|0x0000000707200000, 0x0000000707200000, 0x0000000707400000|  0%| F|  |TAMS 0x0000000707200000, 0x0000000707200000| Untracked 
|  53|0x0000000707400000, 0x0000000707400000, 0x0000000707600000|  0%| F|  |TAMS 0x0000000707400000, 0x0000000707400000| Untracked 
|  54|0x0000000707600000, 0x0000000707600000, 0x0000000707800000|  0%| F|  |TAMS 0x0000000707600000, 0x0000000707600000| Untracked 
|  55|0x0000000707800000, 0x0000000707800000, 0x0000000707a00000|  0%| F|  |TAMS 0x0000000707800000, 0x0000000707800000| Untracked 
|  56|0x0000000707a00000, 0x0000000707a00000, 0x0000000707c00000|  0%| F|  |TAMS 0x0000000707a00000, 0x0000000707a00000| Untracked 
|  57|0x0000000707c00000, 0x0000000707c00000, 0x0000000707e00000|  0%| F|  |TAMS 0x0000000707c00000, 0x0000000707c00000| Untracked 
|  58|0x0000000707e00000, 0x0000000707e00000, 0x0000000708000000|  0%| F|  |TAMS 0x0000000707e00000, 0x0000000707e00000| Untracked 
|  59|0x0000000708000000, 0x0000000708000000, 0x0000000708200000|  0%| F|  |TAMS 0x0000000708000000, 0x0000000708000000| Untracked 
|  60|0x0000000708200000, 0x0000000708200000, 0x0000000708400000|  0%| F|  |TAMS 0x0000000708200000, 0x0000000708200000| Untracked 
|  61|0x0000000708400000, 0x0000000708400000, 0x0000000708600000|  0%| F|  |TAMS 0x0000000708400000, 0x0000000708400000| Untracked 
|  62|0x0000000708600000, 0x0000000708600000, 0x0000000708800000|  0%| F|  |TAMS 0x0000000708600000, 0x0000000708600000| Untracked 
|  63|0x0000000708800000, 0x0000000708800000, 0x0000000708a00000|  0%| F|  |TAMS 0x0000000708800000, 0x0000000708800000| Untracked 
|  64|0x0000000708a00000, 0x0000000708a00000, 0x0000000708c00000|  0%| F|  |TAMS 0x0000000708a00000, 0x0000000708a00000| Untracked 
|  65|0x0000000708c00000, 0x0000000708c00000, 0x0000000708e00000|  0%| F|  |TAMS 0x0000000708c00000, 0x0000000708c00000| Untracked 
|  66|0x0000000708e00000, 0x0000000708e00000, 0x0000000709000000|  0%| F|  |TAMS 0x0000000708e00000, 0x0000000708e00000| Untracked 
|  67|0x0000000709000000, 0x0000000709000000, 0x0000000709200000|  0%| F|  |TAMS 0x0000000709000000, 0x0000000709000000| Untracked 
|  68|0x0000000709200000, 0x0000000709200000, 0x0000000709400000|  0%| F|  |TAMS 0x0000000709200000, 0x0000000709200000| Untracked 
|  69|0x0000000709400000, 0x0000000709400000, 0x0000000709600000|  0%| F|  |TAMS 0x0000000709400000, 0x0000000709400000| Untracked 
|  70|0x0000000709600000, 0x0000000709600000, 0x0000000709800000|  0%| F|  |TAMS 0x0000000709600000, 0x0000000709600000| Untracked 
|  71|0x0000000709800000, 0x0000000709800000, 0x0000000709a00000|  0%| F|  |TAMS 0x0000000709800000, 0x0000000709800000| Untracked 
|  72|0x0000000709a00000, 0x0000000709a00000, 0x0000000709c00000|  0%| F|  |TAMS 0x0000000709a00000, 0x0000000709a00000| Untracked 
|  73|0x0000000709c00000, 0x0000000709c00000, 0x0000000709e00000|  0%| F|  |TAMS 0x0000000709c00000, 0x0000000709c00000| Untracked 
|  74|0x0000000709e00000, 0x0000000709e00000, 0x000000070a000000|  0%| F|  |TAMS 0x0000000709e00000, 0x0000000709e00000| Untracked 
|  75|0x000000070a000000, 0x000000070a000000, 0x000000070a200000|  0%| F|  |TAMS 0x000000070a000000, 0x000000070a000000| Untracked 
|  76|0x000000070a200000, 0x000000070a200000, 0x000000070a400000|  0%| F|  |TAMS 0x000000070a200000, 0x000000070a200000| Untracked 
|  77|0x000000070a400000, 0x000000070a400000, 0x000000070a600000|  0%| F|  |TAMS 0x000000070a400000, 0x000000070a400000| Untracked 
|  78|0x000000070a600000, 0x000000070a600000, 0x000000070a800000|  0%| F|  |TAMS 0x000000070a600000, 0x000000070a600000| Untracked 
|  79|0x000000070a800000, 0x000000070a800000, 0x000000070aa00000|  0%| F|  |TAMS 0x000000070a800000, 0x000000070a800000| Untracked 
|  80|0x000000070aa00000, 0x000000070aa00000, 0x000000070ac00000|  0%| F|  |TAMS 0x000000070aa00000, 0x000000070aa00000| Untracked 
|  81|0x000000070ac00000, 0x000000070ac00000, 0x000000070ae00000|  0%| F|  |TAMS 0x000000070ac00000, 0x000000070ac00000| Untracked 
|  82|0x000000070ae00000, 0x000000070ae00000, 0x000000070b000000|  0%| F|  |TAMS 0x000000070ae00000, 0x000000070ae00000| Untracked 
|  83|0x000000070b000000, 0x000000070b000000, 0x000000070b200000|  0%| F|  |TAMS 0x000000070b000000, 0x000000070b000000| Untracked 
|  84|0x000000070b200000, 0x000000070b200000, 0x000000070b400000|  0%| F|  |TAMS 0x000000070b200000, 0x000000070b200000| Untracked 
|  85|0x000000070b400000, 0x000000070b400000, 0x000000070b600000|  0%| F|  |TAMS 0x000000070b400000, 0x000000070b400000| Untracked 
|  86|0x000000070b600000, 0x000000070b600000, 0x000000070b800000|  0%| F|  |TAMS 0x000000070b600000, 0x000000070b600000| Untracked 
|  87|0x000000070b800000, 0x000000070b800000, 0x000000070ba00000|  0%| F|  |TAMS 0x000000070b800000, 0x000000070b800000| Untracked 
|  88|0x000000070ba00000, 0x000000070ba00000, 0x000000070bc00000|  0%| F|  |TAMS 0x000000070ba00000, 0x000000070ba00000| Untracked 
|  89|0x000000070bc00000, 0x000000070bc00000, 0x000000070be00000|  0%| F|  |TAMS 0x000000070bc00000, 0x000000070bc00000| Untracked 
|  90|0x000000070be00000, 0x000000070be00000, 0x000000070c000000|  0%| F|  |TAMS 0x000000070be00000, 0x000000070be00000| Untracked 
|  91|0x000000070c000000, 0x000000070c000000, 0x000000070c200000|  0%| F|  |TAMS 0x000000070c000000, 0x000000070c000000| Untracked 
|  92|0x000000070c200000, 0x000000070c200000, 0x000000070c400000|  0%| F|  |TAMS 0x000000070c200000, 0x000000070c200000| Untracked 
|  93|0x000000070c400000, 0x000000070c400000, 0x000000070c600000|  0%| F|  |TAMS 0x000000070c400000, 0x000000070c400000| Untracked 
|  94|0x000000070c600000, 0x000000070c600000, 0x000000070c800000|  0%| F|  |TAMS 0x000000070c600000, 0x000000070c600000| Untracked 
|  95|0x000000070c800000, 0x000000070c800000, 0x000000070ca00000|  0%| F|  |TAMS 0x000000070c800000, 0x000000070c800000| Untracked 
|  96|0x000000070ca00000, 0x000000070ca00000, 0x000000070cc00000|  0%| F|  |TAMS 0x000000070ca00000, 0x000000070ca00000| Untracked 
|  97|0x000000070cc00000, 0x000000070cc00000, 0x000000070ce00000|  0%| F|  |TAMS 0x000000070cc00000, 0x000000070cc00000| Untracked 
|  98|0x000000070ce00000, 0x000000070ce00000, 0x000000070d000000|  0%| F|  |TAMS 0x000000070ce00000, 0x000000070ce00000| Untracked 
|  99|0x000000070d000000, 0x000000070d000000, 0x000000070d200000|  0%| F|  |TAMS 0x000000070d000000, 0x000000070d000000| Untracked 
| 100|0x000000070d200000, 0x000000070d200000, 0x000000070d400000|  0%| F|  |TAMS 0x000000070d200000, 0x000000070d200000| Untracked 
| 101|0x000000070d400000, 0x000000070d400000, 0x000000070d600000|  0%| F|  |TAMS 0x000000070d400000, 0x000000070d400000| Untracked 
| 102|0x000000070d600000, 0x000000070d600000, 0x000000070d800000|  0%| F|  |TAMS 0x000000070d600000, 0x000000070d600000| Untracked 
| 103|0x000000070d800000, 0x000000070d800000, 0x000000070da00000|  0%| F|  |TAMS 0x000000070d800000, 0x000000070d800000| Untracked 
| 104|0x000000070da00000, 0x000000070da00000, 0x000000070dc00000|  0%| F|  |TAMS 0x000000070da00000, 0x000000070da00000| Untracked 
| 105|0x000000070dc00000, 0x000000070dc00000, 0x000000070de00000|  0%| F|  |TAMS 0x000000070dc00000, 0x000000070dc00000| Untracked 
| 106|0x000000070de00000, 0x000000070de00000, 0x000000070e000000|  0%| F|  |TAMS 0x000000070de00000, 0x000000070de00000| Untracked 
| 107|0x000000070e000000, 0x000000070e000000, 0x000000070e200000|  0%| F|  |TAMS 0x000000070e000000, 0x000000070e000000| Untracked 
| 108|0x000000070e200000, 0x000000070e200000, 0x000000070e400000|  0%| F|  |TAMS 0x000000070e200000, 0x000000070e200000| Untracked 
| 109|0x000000070e400000, 0x000000070e400000, 0x000000070e600000|  0%| F|  |TAMS 0x000000070e400000, 0x000000070e400000| Untracked 
| 110|0x000000070e600000, 0x000000070e600000, 0x000000070e800000|  0%| F|  |TAMS 0x000000070e600000, 0x000000070e600000| Untracked 
| 111|0x000000070e800000, 0x000000070e800000, 0x000000070ea00000|  0%| F|  |TAMS 0x000000070e800000, 0x000000070e800000| Untracked 
| 112|0x000000070ea00000, 0x000000070ea00000, 0x000000070ec00000|  0%| F|  |TAMS 0x000000070ea00000, 0x000000070ea00000| Untracked 
| 113|0x000000070ec00000, 0x000000070ec00000, 0x000000070ee00000|  0%| F|  |TAMS 0x000000070ec00000, 0x000000070ec00000| Untracked 
| 114|0x000000070ee00000, 0x000000070ee00000, 0x000000070f000000|  0%| F|  |TAMS 0x000000070ee00000, 0x000000070ee00000| Untracked 
| 115|0x000000070f000000, 0x000000070f200000, 0x000000070f200000|100%| S|CS|TAMS 0x000000070f000000, 0x000000070f000000| Complete 
| 116|0x000000070f200000, 0x000000070f400000, 0x000000070f400000|100%| S|CS|TAMS 0x000000070f200000, 0x000000070f200000| Complete 
| 117|0x000000070f400000, 0x000000070f400000, 0x000000070f600000|  0%| F|  |TAMS 0x000000070f400000, 0x000000070f400000| Untracked 
| 118|0x000000070f600000, 0x000000070f600000, 0x000000070f800000|  0%| F|  |TAMS 0x000000070f600000, 0x000000070f600000| Untracked 
| 119|0x000000070f800000, 0x000000070f9c2770, 0x000000070fa00000| 87%| E|  |TAMS 0x000000070f800000, 0x000000070f800000| Complete 
| 120|0x000000070fa00000, 0x000000070fc00000, 0x000000070fc00000|100%| E|  |TAMS 0x000000070fa00000, 0x000000070fa00000| Complete 
| 121|0x000000070fc00000, 0x000000070fe00000, 0x000000070fe00000|100%| E|CS|TAMS 0x000000070fc00000, 0x000000070fc00000| Complete 
| 122|0x000000070fe00000, 0x0000000710000000, 0x0000000710000000|100%| E|CS|TAMS 0x000000070fe00000, 0x000000070fe00000| Complete 
| 123|0x0000000710000000, 0x0000000710200000, 0x0000000710200000|100%| E|CS|TAMS 0x0000000710000000, 0x0000000710000000| Complete 
| 124|0x0000000710200000, 0x0000000710400000, 0x0000000710400000|100%| E|CS|TAMS 0x0000000710200000, 0x0000000710200000| Complete 
| 125|0x0000000710400000, 0x0000000710600000, 0x0000000710600000|100%| E|CS|TAMS 0x0000000710400000, 0x0000000710400000| Complete 
| 126|0x0000000710600000, 0x0000000710800000, 0x0000000710800000|100%| E|CS|TAMS 0x0000000710600000, 0x0000000710600000| Complete 
| 127|0x0000000710800000, 0x0000000710a00000, 0x0000000710a00000|100%| E|CS|TAMS 0x0000000710800000, 0x0000000710800000| Complete 

Card table byte_map: [0x0000028a7acd0000,0x0000028a7b4d0000] _byte_map_base: 0x0000028a774cb000

Marking Bits (Prev, Next): (CMBitMap*) 0x0000028a70082bf0, (CMBitMap*) 0x0000028a70082c30
 Prev Bits: [0x0000028a7bcd0000, 0x0000028a7fca8000)
 Next Bits: [0x0000028a0f000000, 0x0000028a12fd8000)

Polling page: 0x0000028a700f0000

Metaspace:

Usage:
  Non-class:      9.10 MB capacity,     9.00 MB ( 99%) used,    89.50 KB ( <1%) free+waste,    17.38 KB ( <1%) overhead. 
      Class:      1.29 MB capacity,     1.22 MB ( 94%) used,    67.72 KB (  5%) free+waste,     7.88 KB ( <1%) overhead. 
       Both:     10.40 MB capacity,    10.22 MB ( 98%) used,   157.22 KB (  1%) free+waste,    25.25 KB ( <1%) overhead. 

Virtual space:
  Non-class space:       14.00 MB reserved,       9.25 MB ( 66%) committed 
      Class space:        1.00 GB reserved,       1.38 MB ( <1%) committed 
             Both:        1.01 GB reserved,      10.63 MB (  1%) committed 

Chunk freelists:
   Non-Class:  24.00 KB
       Class:  18.00 KB
        Both:  42.00 KB

MaxMetaspaceSize: 17179869184.00 GB
CompressedClassSpaceSize: 1.00 GB

CodeHeap 'non-profiled nmethods': size=120000Kb used=549Kb max_used=549Kb free=119450Kb
 bounds [0x0000028a07ad0000, 0x0000028a07d40000, 0x0000028a0f000000]
CodeHeap 'profiled nmethods': size=120000Kb used=2923Kb max_used=2923Kb free=117076Kb
 bounds [0x0000028a005a0000, 0x0000028a00880000, 0x0000028a07ad0000]
CodeHeap 'non-nmethods': size=5760Kb used=1238Kb max_used=1250Kb free=4521Kb
 bounds [0x0000028a00000000, 0x0000028a00270000, 0x0000028a005a0000]
 total_blobs=2078 nmethods=1623 adapters=365
 compilation: enabled
              stopped_count=0, restarted_count=0
 full_count=0

Compilation events (20 events):
Event: 1.407 Thread 0x0000028a16070ac0 nmethod 1598 0x0000028a0086c010 code [0x0000028a0086c2a0, 0x0000028a0086d138]
Event: 1.410 Thread 0x0000028a1606cbc0 nmethod 1577 0x0000028a07b57910 code [0x0000028a07b57aa0, 0x0000028a07b57f18]
Event: 1.410 Thread 0x0000028a1606cbc0 1597       4       java.nio.Buffer::position (52 bytes)
Event: 1.410 Thread 0x0000028a1606cbc0 nmethod 1597 0x0000028a07b58110 code [0x0000028a07b58280, 0x0000028a07b58338]
Event: 1.416 Thread 0x0000028a16070ac0 1599       3       java.lang.invoke.MemberName::changeReferenceKind (60 bytes)
Event: 1.417 Thread 0x0000028a16070ac0 nmethod 1599 0x0000028a0086d610 code [0x0000028a0086d7a0, 0x0000028a0086d8d8]
Event: 1.417 Thread 0x0000028a16070ac0 1600       3       java.util.BitSet::wordIndex (5 bytes)
Event: 1.417 Thread 0x0000028a16070ac0 nmethod 1600 0x0000028a0086d990 code [0x0000028a0086db20, 0x0000028a0086dbf8]
Event: 1.417 Thread 0x0000028a16070ac0 1601       3       java.util.BitSet::checkInvariants (111 bytes)
Event: 1.417 Thread 0x0000028a16070ac0 nmethod 1601 0x0000028a0086dc90 code [0x0000028a0086de20, 0x0000028a0086df58]
Event: 1.417 Thread 0x0000028a16070ac0 1602       3       java.util.BitSet::get (69 bytes)
Event: 1.418 Thread 0x0000028a16070ac0 nmethod 1602 0x0000028a0086e010 code [0x0000028a0086e260, 0x0000028a0086ea68]
Event: 1.422 Thread 0x0000028a16070ac0 1603       3       java.util.LinkedHashMap::afterNodeInsertion (40 bytes)
Event: 1.422 Thread 0x0000028a16070ac0 nmethod 1603 0x0000028a0086ed90 code [0x0000028a0086ef60, 0x0000028a0086f3e8]
Event: 1.422 Thread 0x0000028a16070ac0 1604       3       java.util.LinkedHashMap::newNode (23 bytes)
Event: 1.423 Thread 0x0000028a16070ac0 nmethod 1604 0x0000028a0086f590 code [0x0000028a0086f760, 0x0000028a0086fb68]
Event: 1.425 Thread 0x0000028a16070ac0 1605       3       ch.qos.logback.classic.util.LoggerNameUtil::getSeparatorIndexOf (53 bytes)
Event: 1.425 Thread 0x0000028a16070ac0 nmethod 1605 0x0000028a0086fd10 code [0x0000028a0086ff20, 0x0000028a00870598]
Event: 1.428 Thread 0x0000028a16070ac0 1606       3       java.lang.Class::newReflectionData (66 bytes)
Event: 1.429 Thread 0x0000028a16070ac0 nmethod 1606 0x0000028a00870790 code [0x0000028a008709a0, 0x0000028a008712b8]

GC Heap History (2 events):
Event: 1.028 GC heap before
{Heap before GC invocations=0 (full 0):
 garbage-first heap   total 262144K, used 22528K [0x0000000700a00000, 0x0000000800000000)
  region size 2048K, 11 young (22528K), 0 survivors (0K)
 Metaspace       used 5887K, capacity 7003K, committed 7168K, reserved 1056768K
  class space    used 652K, capacity 751K, committed 768K, reserved 1048576K
}
Event: 1.033 GC heap after
{Heap after GC invocations=1 (full 0):
 garbage-first heap   total 262144K, used 4610K [0x0000000700a00000, 0x0000000800000000)
  region size 2048K, 2 young (4096K), 2 survivors (4096K)
 Metaspace       used 5887K, capacity 7003K, committed 7168K, reserved 1056768K
  class space    used 652K, capacity 751K, committed 768K, reserved 1048576K
}

Deoptimization events (20 events):
Event: 1.130 Thread 0x0000028a16c47ca0 DEOPT PACKING pc=0x0000028a07b3b3c8 sp=0x000000bf4e9fc1b0
Event: 1.130 Thread 0x0000028a16c47ca0 DEOPT UNPACKING pc=0x0000028a0004e42f sp=0x000000bf4e9fc138 mode 2
Event: 1.130 Thread 0x0000028a16c47ca0 Uncommon trap: trap_request=0xffffffde fr.pc=0x0000028a07b3b3c8 relative=0x0000000000000128
Event: 1.130 Thread 0x0000028a16c47ca0 Uncommon trap: reason=class_check action=maybe_recompile pc=0x0000028a07b3b3c8 method=jdk.internal.misc.Unsafe.allocateUninitializedArray(Ljava/lang/Class;I)Ljava/lang/Object; @ 51 c2
Event: 1.130 Thread 0x0000028a16c47ca0 DEOPT PACKING pc=0x0000028a07b3b3c8 sp=0x000000bf4e9fc1b0
Event: 1.130 Thread 0x0000028a16c47ca0 DEOPT UNPACKING pc=0x0000028a0004e42f sp=0x000000bf4e9fc138 mode 2
Event: 1.130 Thread 0x0000028a16c47ca0 Uncommon trap: trap_request=0xffffffde fr.pc=0x0000028a07b3b3c8 relative=0x0000000000000128
Event: 1.130 Thread 0x0000028a16c47ca0 Uncommon trap: reason=class_check action=maybe_recompile pc=0x0000028a07b3b3c8 method=jdk.internal.misc.Unsafe.allocateUninitializedArray(Ljava/lang/Class;I)Ljava/lang/Object; @ 51 c2
Event: 1.130 Thread 0x0000028a16c47ca0 DEOPT PACKING pc=0x0000028a07b3b3c8 sp=0x000000bf4e9fc1b0
Event: 1.130 Thread 0x0000028a16c47ca0 DEOPT UNPACKING pc=0x0000028a0004e42f sp=0x000000bf4e9fc138 mode 2
Event: 1.152 Thread 0x0000028a16c47ca0 DEOPT PACKING pc=0x0000028a005e3658 sp=0x000000bf4e9fcd70
Event: 1.152 Thread 0x0000028a16c47ca0 DEOPT UNPACKING pc=0x0000028a0004e23f sp=0x000000bf4e9fc278 mode 0
Event: 1.271 Thread 0x0000028a16c47ca0 Uncommon trap: trap_request=0xffffff45 fr.pc=0x0000028a07afb4f8 relative=0x00000000000001d8
Event: 1.271 Thread 0x0000028a16c47ca0 Uncommon trap: reason=unstable_if action=reinterpret pc=0x0000028a07afb4f8 method=java.lang.String.startsWith(Ljava/lang/String;I)Z @ 1 c2
Event: 1.271 Thread 0x0000028a16c47ca0 DEOPT PACKING pc=0x0000028a07afb4f8 sp=0x000000bf4e9fdc70
Event: 1.271 Thread 0x0000028a16c47ca0 DEOPT UNPACKING pc=0x0000028a0004e42f sp=0x000000bf4e9fdbd8 mode 2
Event: 1.299 Thread 0x0000028a16c47ca0 Uncommon trap: trap_request=0xffffffde fr.pc=0x0000028a07b29df0 relative=0x00000000000009f0
Event: 1.299 Thread 0x0000028a16c47ca0 Uncommon trap: reason=class_check action=maybe_recompile pc=0x0000028a07b29df0 method=java.util.HashMap.putVal(ILjava/lang/Object;Ljava/lang/Object;ZZ)Ljava/lang/Object; @ 91 c2
Event: 1.299 Thread 0x0000028a16c47ca0 DEOPT PACKING pc=0x0000028a07b29df0 sp=0x000000bf4e9fdd20
Event: 1.299 Thread 0x0000028a16c47ca0 DEOPT UNPACKING pc=0x0000028a0004e42f sp=0x000000bf4e9fdcc0 mode 2

Classes unloaded (0 events):
No events

Classes redefined (0 events):
No events

Internal exceptions (20 events):
Event: 1.164 Thread 0x0000028a16c47ca0 Exception <a 'java/lang/NoSuchMethodError'{0x000000071048fa28}: 'java.lang.Object java.lang.invoke.DirectMethodHandle$Holder.newInvokeSpecial(java.lang.Object, java.lang.Object, java.lang.Object, java.lang.Object, java.lang.Object, java.lang.Object)'> (0x000000071048fa28) 
thrown [./open/src/hotspot/share/interpreter/linkResolver.cpp, line 782]
Event: 1.182 Thread 0x0000028a16c47ca0 Exception <a 'java/lang/NoSuchMethodError'{0x0000000710530878}: 'java.lang.Object java.lang.invoke.DirectMethodHandle$Holder.invokeSpecial(java.lang.Object, java.lang.Object, java.lang.Object, java.lang.Object, java.lang.Object, java.lang.Object, int)'> (0x0000000710530878) 
thrown [./open/src/hotspot/share/interpreter/linkResolver.cpp, line 782]
Event: 1.183 Thread 0x0000028a16c47ca0 Exception <a 'java/lang/NoSuchMethodError'{0x000000071053c168}: 'java.lang.Object java.lang.invoke.DirectMethodHandle$Holder.newInvokeSpecial(java.lang.Object, java.lang.Object, java.lang.Object, java.lang.Object, java.lang.Object, java.lang.Object, int)'> (0x000000071053c168) 
thrown [./open/src/hotspot/share/interpreter/linkResolver.cpp, line 782]
Event: 1.184 Thread 0x0000028a16c47ca0 Exception <a 'java/lang/NoSuchMethodError'{0x00000007105412b0}: 'java.lang.Object java.lang.invoke.DirectMethodHandle$Holder.invokeSpecial(java.lang.Object, java.lang.Object, java.lang.Object, java.lang.Object, java.lang.Object, java.lang.Object, java.lang.Object, int)'> (0x00000007105412b0) 
thrown [./open/src/hotspot/share/interpreter/linkResolver.cpp, line 782]
Event: 1.230 Thread 0x0000028a16c47ca0 Exception <a 'java/lang/NoSuchMethodError'{0x00000007102b5840}: 'int java.lang.invoke.DirectMethodHandle$Holder.invokeVirtual(java.lang.Object, java.lang.Object)'> (0x00000007102b5840) 
thrown [./open/src/hotspot/share/interpreter/linkResolver.cpp, line 782]
Event: 1.251 Thread 0x0000028a16c47ca0 Exception <a 'java/lang/NoSuchMethodError'{0x0000000710334428}: 'java.lang.Object java.lang.invoke.DirectMethodHandle$Holder.invokeSpecial(java.lang.Object, java.lang.Object, java.lang.Object, java.lang.Object, int)'> (0x0000000710334428) 
thrown [./open/src/hotspot/share/interpreter/linkResolver.cpp, line 782]
Event: 1.252 Thread 0x0000028a16c47ca0 Exception <a 'java/lang/NoSuchMethodError'{0x000000071033d3c8}: 'java.lang.Object java.lang.invoke.DirectMethodHandle$Holder.newInvokeSpecial(java.lang.Object, java.lang.Object, java.lang.Object, java.lang.Object, int)'> (0x000000071033d3c8) 
thrown [./open/src/hotspot/share/interpreter/linkResolver.cpp, line 782]
Event: 1.253 Thread 0x0000028a16c47ca0 Exception <a 'java/lang/NoSuchMethodError'{0x0000000710341720}: 'java.lang.Object java.lang.invoke.DirectMethodHandle$Holder.invokeSpecial(java.lang.Object, java.lang.Object, java.lang.Object, java.lang.Object, java.lang.Object, int)'> (0x0000000710341720) 
thrown [./open/src/hotspot/share/interpreter/linkResolver.cpp, line 782]
Event: 1.253 Thread 0x0000028a16c47ca0 Exception <a 'java/lang/NoSuchMethodError'{0x0000000710345408}: 'java.lang.Object java.lang.invoke.Invokers$Holder.linkToTargetMethod(java.lang.Object, java.lang.Object, java.lang.Object, int, java.lang.Object)'> (0x0000000710345408) 
thrown [./open/src/hotspot/share/interpreter/linkResolver.cpp, line 782]
Event: 1.255 Thread 0x0000028a16c47ca0 Exception <a 'java/lang/NoSuchMethodError'{0x0000000710355390}: 'java.lang.Object java.lang.invoke.DirectMethodHandle$Holder.newInvokeSpecial(java.lang.Object, int, java.lang.Object)'> (0x0000000710355390) 
thrown [./open/src/hotspot/share/interpreter/linkResolver.cpp, line 782]
Event: 1.256 Thread 0x0000028a16c47ca0 Exception <a 'java/lang/NoSuchMethodError'{0x000000071035a278}: 'int java.lang.invoke.DirectMethodHandle$Holder.invokeSpecialIFC(java.lang.Object, java.lang.Object, java.lang.Object, java.lang.Object)'> (0x000000071035a278) 
thrown [./open/src/hotspot/share/interpreter/linkResolver.cpp, line 782]
Event: 1.285 Thread 0x0000028a16c47ca0 Exception <a 'java/lang/NoSuchMethodError'{0x000000071001f660}: 'void java.lang.invoke.DirectMethodHandle$Holder.invokeInterface(java.lang.Object, java.lang.Object, java.lang.Object)'> (0x000000071001f660) 
thrown [./open/src/hotspot/share/interpreter/linkResolver.cpp, line 782]
Event: 1.312 Thread 0x0000028a16c47ca0 Exception <a 'java/lang/NoSuchMethodError'{0x00000007100c1b00}: 'java.lang.Object java.lang.invoke.DirectMethodHandle$Holder.invokeStatic(java.lang.Object, java.lang.Object, int)'> (0x00000007100c1b00) 
thrown [./open/src/hotspot/share/interpreter/linkResolver.cpp, line 782]
Event: 1.313 Thread 0x0000028a16c47ca0 Exception <a 'java/lang/NoSuchMethodError'{0x00000007100cd8f8}: 'void java.lang.invoke.DelegatingMethodHandle$Holder.delegate(java.lang.Object, java.lang.Object, int, java.lang.Object)'> (0x00000007100cd8f8) 
thrown [./open/src/hotspot/share/interpreter/linkResolver.cpp, line 782]
Event: 1.331 Thread 0x0000028a16c47ca0 Exception <a 'java/lang/NoSuchMethodError'{0x0000000710139a50}: 'void java.lang.invoke.DirectMethodHandle$Holder.invokeStaticInit(java.lang.Object, java.lang.Object)'> (0x0000000710139a50) 
thrown [./open/src/hotspot/share/interpreter/linkResolver.cpp, line 782]
Event: 1.333 Thread 0x0000028a16c47ca0 Exception <a 'java/lang/NoSuchMethodError'{0x0000000710146928}: 'void java.lang.invoke.DirectMethodHandle$Holder.invokeStaticInit(java.lang.Object, java.lang.Object, java.lang.Object)'> (0x0000000710146928) 
thrown [./open/src/hotspot/share/interpreter/linkResolver.cpp, line 782]
Event: 1.362 Thread 0x0000028a16c47ca0 Exception <a 'java/lang/NoSuchMethodError'{0x00000007101c8b78}: 'void java.lang.invoke.DirectMethodHandle$Holder.invokeVirtual(java.lang.Object, java.lang.Object, java.lang.Object, java.lang.Object)'> (0x00000007101c8b78) 
thrown [./open/src/hotspot/share/interpreter/linkResolver.cpp, line 782]
Event: 1.392 Thread 0x0000028a16c47ca0 Exception <a 'java/lang/NoSuchMethodError'{0x000000070ff02ee0}: 'void java.lang.invoke.DirectMethodHandle$Holder.invokeSpecial(java.lang.Object, java.lang.Object, java.lang.Object, java.lang.Object, java.lang.Object)'> (0x000000070ff02ee0) 
thrown [./open/src/hotspot/share/interpreter/linkResolver.cpp, line 782]
Event: 1.403 Thread 0x0000028a172de010 Exception <a 'java/lang/NoClassDefFoundError'{0x000000070ff471f0}: javax/validation/Validation> (0x000000070ff471f0) 
thrown [./open/src/hotspot/share/classfile/systemDictionary.cpp, line 284]
Event: 1.431 Thread 0x0000028a172de010 Exception <a 'java/lang/NoSuchMethodError'{0x000000070fd69940}: 'int java.lang.invoke.DirectMethodHandle$Holder.invokeInterface(java.lang.Object, java.lang.Object)'> (0x000000070fd69940) 
thrown [./open/src/hotspot/share/interpreter/linkResolver.cpp, line 782]

Events (20 events):
Event: 1.372 loading class java/util/Stack done
Event: 1.372 loading class java/util/Vector$Itr
Event: 1.372 loading class java/util/Vector$Itr done
Event: 1.396 Thread 0x0000028a172de010 Thread added: 0x0000028a172de010
Event: 1.403 loading class java/io/UnsupportedEncodingException
Event: 1.403 loading class java/io/UnsupportedEncodingException done
Event: 1.407 loading class java/io/Console
Event: 1.407 loading class java/io/Console done
Event: 1.407 loading class java/io/Console$2
Event: 1.407 loading class jdk/internal/access/JavaIOAccess
Event: 1.407 loading class jdk/internal/access/JavaIOAccess done
Event: 1.407 loading class java/io/Console$2 done
Event: 1.412 loading class java/util/BitSet
Event: 1.413 loading class java/util/BitSet done
Event: 1.415 Executing VM operation: HandshakeAllThreads
Event: 1.415 Executing VM operation: HandshakeAllThreads done
Event: 1.419 loading class javax/xml/bind$Binder
Event: 1.419 loading class javax/xml/bind$Binder done
Event: 1.427 loading class java/util/zip/ZipException
Event: 1.427 loading class java/util/zip/ZipException done


Dynamic libraries:
0x00007ff6519b0000 - 0x00007ff6519bf000 	C:\Program Files\Java\jdk-15.0.2\bin\java.exe
0x00007fffb2440000 - 0x00007fffb2630000 	C:\WINDOWS\SYSTEM32\ntdll.dll
0x00007fffb2280000 - 0x00007fffb2332000 	C:\WINDOWS\System32\KERNEL32.DLL
0x00007fffaf3c0000 - 0x00007fffaf665000 	C:\WINDOWS\System32\KERNELBASE.dll
0x00007fffafa70000 - 0x00007fffafb6a000 	C:\WINDOWS\System32\ucrtbase.dll
0x00007fffabc60000 - 0x00007fffabc79000 	C:\Program Files\Java\jdk-15.0.2\bin\VCRUNTIME140.dll
0x00007fffabc80000 - 0x00007fffabc98000 	C:\Program Files\Java\jdk-15.0.2\bin\jli.dll
0x00007fffb1cf0000 - 0x00007fffb1d93000 	C:\WINDOWS\System32\ADVAPI32.dll
0x00007fffb1bd0000 - 0x00007fffb1c6e000 	C:\WINDOWS\System32\msvcrt.dll
0x00007fffb0b00000 - 0x00007fffb0b97000 	C:\WINDOWS\System32\sechost.dll
0x00007fffb1630000 - 0x00007fffb174f000 	C:\WINDOWS\System32\RPCRT4.dll
0x00007fffb1da0000 - 0x00007fffb1f34000 	C:\WINDOWS\System32\USER32.dll
0x00007fffafa40000 - 0x00007fffafa61000 	C:\WINDOWS\System32\win32u.dll
0x00007fff9db70000 - 0x00007fff9ddf4000 	C:\WINDOWS\WinSxS\amd64_microsoft.windows.common-controls_6595b64144ccf1df_6.0.18362.1379_none_9e7ff3b3e45cc0c4\COMCTL32.dll
0x00007fffb1fc0000 - 0x00007fffb1fe6000 	C:\WINDOWS\System32\GDI32.dll
0x00007fffb07b0000 - 0x00007fffb0ae7000 	C:\WINDOWS\System32\combase.dll
0x00007fffaf850000 - 0x00007fffaf9e8000 	C:\WINDOWS\System32\gdi32full.dll
0x00007fffaf760000 - 0x00007fffaf7e1000 	C:\WINDOWS\System32\bcryptPrimitives.dll
0x00007fffaf690000 - 0x00007fffaf72e000 	C:\WINDOWS\System32\msvcp_win.dll
0x00007fffa6130000 - 0x00007fffa613a000 	C:\WINDOWS\SYSTEM32\VERSION.dll
0x00007fffb2250000 - 0x00007fffb227e000 	C:\WINDOWS\System32\IMM32.DLL
0x00007fffad4e0000 - 0x00007fffad4ec000 	C:\Program Files\Java\jdk-15.0.2\bin\vcruntime140_1.dll
0x00007fffa5b00000 - 0x00007fffa5b91000 	C:\Program Files\Java\jdk-15.0.2\bin\msvcp140.dll
0x00007fff70a00000 - 0x00007fff7155e000 	C:\Program Files\Java\jdk-15.0.2\bin\server\jvm.dll
0x00007fffb23f0000 - 0x00007fffb23f8000 	C:\WINDOWS\System32\PSAPI.DLL
0x00007fff97da0000 - 0x00007fff97da9000 	C:\WINDOWS\SYSTEM32\WSOCK32.dll
0x00007fffb0740000 - 0x00007fffb07af000 	C:\WINDOWS\System32\WS2_32.dll
0x00007fffabe70000 - 0x00007fffabe94000 	C:\WINDOWS\SYSTEM32\WINMM.dll
0x00007fffabe40000 - 0x00007fffabe6d000 	C:\WINDOWS\SYSTEM32\WINMMBASE.dll
0x00007fffaf9f0000 - 0x00007fffafa3a000 	C:\WINDOWS\System32\cfgmgr32.dll
0x00007fffaf320000 - 0x00007fffaf331000 	C:\WINDOWS\System32\kernel.appcore.dll
0x00007fffaa9b0000 - 0x00007fffaa9ba000 	C:\Program Files\Java\jdk-15.0.2\bin\jimage.dll
0x00007fff9a850000 - 0x00007fff9aa44000 	C:\WINDOWS\SYSTEM32\DBGHELP.DLL
0x00007fff9a420000 - 0x00007fff9a44a000 	C:\WINDOWS\SYSTEM32\dbgcore.DLL
0x00007fffaa630000 - 0x00007fffaa63e000 	C:\Program Files\Java\jdk-15.0.2\bin\instrument.dll
0x00007fffa7880000 - 0x00007fffa78a5000 	C:\Program Files\Java\jdk-15.0.2\bin\java.dll
0x00007fffb0f40000 - 0x00007fffb1628000 	C:\WINDOWS\System32\SHELL32.dll
0x00007fffb21a0000 - 0x00007fffb2247000 	C:\WINDOWS\System32\shcore.dll
0x00007fffafd70000 - 0x00007fffb04eb000 	C:\WINDOWS\System32\windows.storage.dll
0x00007fffaf340000 - 0x00007fffaf363000 	C:\WINDOWS\System32\profapi.dll
0x00007fffaf370000 - 0x00007fffaf3ba000 	C:\WINDOWS\System32\powrprof.dll
0x00007fffaf2f0000 - 0x00007fffaf300000 	C:\WINDOWS\System32\UMPDC.dll
0x00007fffb0e10000 - 0x00007fffb0e62000 	C:\WINDOWS\System32\shlwapi.dll
0x00007fffaf670000 - 0x00007fffaf687000 	C:\WINDOWS\System32\cryptsp.dll
0x00007fffa5ad0000 - 0x00007fffa5ae8000 	C:\Program Files\Java\jdk-15.0.2\bin\zip.dll
0x00007fffa78e0000 - 0x00007fffa78f9000 	C:\Program Files\Java\jdk-15.0.2\bin\net.dll
0x00007fffa72a0000 - 0x00007fffa7390000 	C:\WINDOWS\SYSTEM32\WINHTTP.dll
0x00007fffaea90000 - 0x00007fffaeaf7000 	C:\WINDOWS\system32\mswsock.dll
0x00007fffa7750000 - 0x00007fffa7762000 	C:\Program Files\Java\jdk-15.0.2\bin\nio.dll
0x00007fffa5a50000 - 0x00007fffa5a6a000 	D:\IntelliJ IDEA Community Edition 2020.3.2\bin\breakgen64.dll
0x00007fffaa480000 - 0x00007fffaa490000 	C:\Program Files\Java\jdk-15.0.2\bin\verify.dll
0x00007fffa9c50000 - 0x00007fffa9c59000 	C:\Program Files\Java\jdk-15.0.2\bin\management.dll
0x00007fffa9b10000 - 0x00007fffa9b1b000 	C:\Program Files\Java\jdk-15.0.2\bin\management_ext.dll
0x00007fff97300000 - 0x00007fff97316000 	C:\WINDOWS\system32\napinsp.dll
0x00007fff972e0000 - 0x00007fff972fa000 	C:\WINDOWS\system32\pnrpnsp.dll
0x00007fffae7e0000 - 0x00007fffae8ab000 	C:\WINDOWS\SYSTEM32\DNSAPI.dll
0x00007fffb0af0000 - 0x00007fffb0af8000 	C:\WINDOWS\System32\NSI.dll
0x00007fffae7a0000 - 0x00007fffae7da000 	C:\WINDOWS\SYSTEM32\IPHLPAPI.DLL
0x00007fff97840000 - 0x00007fff9784e000 	C:\WINDOWS\System32\winrnr.dll
0x00007fffab980000 - 0x00007fffab99c000 	C:\WINDOWS\system32\NLAapi.dll
0x00007fffaadd0000 - 0x00007fffaade5000 	C:\WINDOWS\system32\wshbth.dll
0x00007fffa8f70000 - 0x00007fffa8f7a000 	C:\Windows\System32\rasadhlp.dll
0x00007fffa5e50000 - 0x00007fffa5ec7000 	C:\WINDOWS\System32\fwpuclnt.dll
0x00007fffaf730000 - 0x00007fffaf756000 	C:\WINDOWS\System32\bcrypt.dll

dbghelp: loaded successfully - version: 4.0.5 - missing functions: none
symbol engine: initialized successfully - sym options: 0x614 - pdb path: .;C:\Program Files\Java\jdk-15.0.2\bin;C:\WINDOWS\SYSTEM32;C:\WINDOWS\WinSxS\amd64_microsoft.windows.common-controls_6595b64144ccf1df_6.0.18362.1379_none_9e7ff3b3e45cc0c4;C:\Program Files\Java\jdk-15.0.2\bin\server;D:\IntelliJ IDEA Community Edition 2020.3.2\bin

VM Arguments:
jvm_args: -javaagent:D:\IntelliJ IDEA Community Edition 2020.3.2\lib\idea_rt.jar=64612:D:\IntelliJ IDEA Community Edition 2020.3.2\bin -Dfile.encoding=UTF-8 
java_command: com.example.Consensus.ConsensusApplication
java_class_path (initial): D:\JavaStuff\Consensus\target\classes;C:\Users\Chris\.m2\repository\org\springframework\boot\spring-boot-starter-web\2.4.3\spring-boot-starter-web-2.4.3.jar;C:\Users\Chris\.m2\repository\org\springframework\boot\spring-boot-starter\2.4.3\spring-boot-starter-2.4.3.jar;C:\Users\Chris\.m2\repository\org\springframework\boot\spring-boot-starter-logging\2.4.3\spring-boot-starter-logging-2.4.3.jar;C:\Users\Chris\.m2\repository\ch\qos\logback\logback-classic\1.2.3\logback-classic-1.2.3.jar;C:\Users\Chris\.m2\repository\ch\qos\logback\logback-core\1.2.3\logback-core-1.2.3.jar;C:\Users\Chris\.m2\repository\org\apache\logging\log4j\log4j-to-slf4j\2.13.3\log4j-to-slf4j-2.13.3.jar;C:\Users\Chris\.m2\repository\org\apache\logging\log4j\log4j-api\2.13.3\log4j-api-2.13.3.jar;C:\Users\Chris\.m2\repository\org\slf4j\jul-to-slf4j\1.7.30\jul-to-slf4j-1.7.30.jar;C:\Users\Chris\.m2\repository\jakarta\annotation\jakarta.annotation-api\1.3.5\jakarta.annotation-api-1.3.5.jar;C:\Users\Chris\.m2\repository\org\yaml\snakeyaml\1.27\snakeyaml-1.27.jar;C:\Users\Chris\.m2\repository\org\springframework\boot\spring-boot-starter-json\2.4.3\spring-boot-starter-json-2.4.3.jar;C:\Users\Chris\.m2\repository\com\fasterxml\jackson\core\jackson-databind\2.11.4\jackson-databind-2.11.4.jar;C:\Users\Chris\.m2\repository\com\fasterxml\jackson\core\jackson-annotations\2.11.4\jackson-annotations-2.11.4.jar;C:\Users\Chris\.m2\repository\com\fasterxml\jackson\datatype\jackson-datatype-jdk8\2.11.4\jackson-datatype-jdk8-2.11.4.jar;C:\Users\Chris\.m2\repository\com\fasterxml\jackson\datatype\jackson-datatype-jsr310\2.11.4\jackson-datatype-jsr310-2.11.4.jar;C:\Users\Chris\.m2\repository\com\fasterxml\jackson\module\jackson-module-parameter-names\2.11.4\jackson-module-parameter-names-2.11.4.jar;C:\Users\Chris\.m2\repository\org\springframework\boot\spring-boot-starter-tomcat\2.4.3\spring-boot-starter-tomcat-2.4.3.jar;C:\Users\Chris\.m2\repository\org\apache\tomcat\embed\tomcat-embed-core\9
Launcher Type: SUN_STANDARD

[Global flags]
     intx CICompilerCount                          = 4                                         {product} {ergonomic}
     uint ConcGCThreads                            = 2                                         {product} {ergonomic}
     uint G1ConcRefinementThreads                  = 8                                         {product} {ergonomic}
   size_t G1HeapRegionSize                         = 2097152                                   {product} {ergonomic}
    uintx GCDrainStackTargetSize                   = 64                                        {product} {ergonomic}
   size_t InitialHeapSize                          = 268435456                                 {product} {ergonomic}
   size_t MarkStackSize                            = 4194304                                   {product} {ergonomic}
   size_t MaxHeapSize                              = 4284481536                                {product} {ergonomic}
   size_t MaxNewSize                               = 2569011200                                {product} {ergonomic}
   size_t MinHeapDeltaBytes                        = 2097152                                   {product} {ergonomic}
   size_t MinHeapSize                              = 8388608                                   {product} {ergonomic}
    uintx NonNMethodCodeHeapSize                   = 5839372                                {pd product} {ergonomic}
    uintx NonProfiledCodeHeapSize                  = 122909434                              {pd product} {ergonomic}
    uintx ProfiledCodeHeapSize                     = 122909434                              {pd product} {ergonomic}
    uintx ReservedCodeCacheSize                    = 251658240                              {pd product} {ergonomic}
     bool SegmentedCodeCache                       = true                                      {product} {ergonomic}
   size_t SoftMaxHeapSize                          = 4284481536                             {manageable} {ergonomic}
     bool UseCompressedClassPointers               = true                                 {lp64_product} {ergonomic}
     bool UseCompressedOops                        = true                                 {lp64_product} {ergonomic}
     bool UseG1GC                                  = true                                      {product} {ergonomic}
     bool UseLargePagesIndividualAllocation        = false                                  {pd product} {ergonomic}

Logging:
Log output configuration:
 #0: stdout all=warning uptime,level,tags
 #1: stderr all=off uptime,level,tags

Environment Variables:
JAVA_HOME=C:\Program Files\OpenJDK\openjdk-8u275-b01
PATH=C:\Program Files\Common Files\Oracle\Java\javapath;C:\Program Files\NVIDIA GPU Computing Toolkit\CUDA\v11.2\bin;C:\Program Files\NVIDIA GPU Computing Toolkit\CUDA\v11.2\libnvvp;C:\Python38\Scripts\;C:\Python38\;C:\Program Files (x86)\Common Files\Oracle\Java\javapath;C:\ProgramData\Oracle\Java\javapath;C:\Program Files (x86)\Intel\iCLS Client\;C:\Program Files\Intel\iCLS Client\;C:\Windows\system32;C:\Windows;C:\Windows\System32\Wbem;C:\Windows\System32\WindowsPowerShell\v1.0\;C:\Program Files (x86)\Intel\Intel(R) Management Engine Components\DAL;C:\Program Files\Intel\Intel(R) Management Engine Components\DAL;C:\Program Files (x86)\Intel\Intel(R) Management Engine Components\IPT;C:\Program Files\Intel\Intel(R) Management Engine Components\IPT;C:\WINDOWS\system32;C:\WINDOWS;C:\WINDOWS\System32\Wbem;C:\WINDOWS\System32\WindowsPowerShell\v1.0\;C:\WINDOWS\System32\OpenSSH\;C:\Users\Chris\AppData\Local\Programs\Python\Python38-32\Scripts;C:\ProgramData\chocolatey\bin;C:\FFmpeg\bin;C:\WINDOWS\system32;C:\WINDOWS;C:\WINDOWS\System32\Wbem;C:\WINDOWS\System32\WindowsPowerShell\v1.0\;C:\WINDOWS\System32\OpenSSH\;D:\PuTTY\;D:\Git\cmd;D:\GtkSharp\2.12\bin;C:\Program Files\dotnet\;C:\Program Files\poppler-0.68.0_x86\poppler-0.68.0\bin;C:\Program Files\Tesseract-OCR;D:\AOMEI\AOMEI Backupper 6.3.0;C:\Program Files\NVIDIA Corporation\Nsight Compute 2020.3.0\;C:\Program Files (x86)\NVIDIA Corporation\PhysX\Common;C:\Program Files\NVIDIA Corporation\NVIDIA NvDLISR;C:\Program Files (x86)\Windows Kits\10\Windows Performance Toolkit\;D:\;C:\Program Files\OpenJDK\openjdk-8u275-b01\bin;C:\Program Files\Docker\Docker\resources\bin;C:\ProgramData\DockerDesktop\version-bin;C:\Program Files\Microsoft SQL Server\Client SDK\ODBC\170\Tools\Binn\;C:\Program Files (x86)\Microsoft SQL Server\150\Tools\Binn\;C:\Program Files\Microsoft SQL Server\150\Tools\Binn\;C:\Program Files\Microsoft SQL Server\150\DTS\Binn\;C:\Program Files (x86)\Microsoft SQL Server\150\DTS\Binn\;C:\Program Files\Azure Data
USERNAME=Chris
OS=Windows_NT
PROCESSOR_IDENTIFIER=Intel64 Family 6 Model 94 Stepping 3, GenuineIntel



---------------  S Y S T E M  ---------------

OS:
 Windows 10 , 64 bit Build 18362 (10.0.18362.1350)
OS uptime: 1 days 1:15 hours
HyperV virtualization detected

CPU: total 8 (initial active 8) (4 cores per cpu, 2 threads per core) family 6 model 94 stepping 3 microcode 0xcc, cmov, cx8, fxsr, mmx, sse, sse2, sse3, ssse3, sse4.1, sse4.2, popcnt, vzeroupper, avx, avx2, aes, clmul, erms, rtm, 3dnowpref, lzcnt, ht, tsc, tscinvbit, bmi1, bmi2, adx, fma, clflush, clflushopt

Memory: 4k page, system-wide physical 16341M (4191M free)
TotalPageFile size 20437M (AvailPageFile size 0M)
current process WorkingSet (physical memory assigned to process): 92M, peak: 92M
current process commit charge ("private bytes"): 371M, peak: 371M

vm_info: Java HotSpot(TM) 64-Bit Server VM (15.0.2+7-27) for windows-amd64 JRE (15.0.2+7-27), built on Dec  7 2020 20:07:01 by "mach5one" with unknown MS VC++:1925

END.
